Using pre-set license
Built from '2020.3/staging' branch; Version is '2020.3.10f1 (297d780c91bc) revision 2719096'; Using compiler version '192528614'; Build Type 'Release'
OS: 'Windows 10 Home Single Language; OS build 19042.1052; Version 2009; 64bit' Language: 'ru' Physical Memory: 8130 MB
BatchMode: 1, IsHumanControllingUs: 0, StartBugReporterOnCrash: 0, Is64bit: 1, IsPro: 0

 COMMAND LINE ARGUMENTS:
C:\Program Files\Unity\Hub\Editor\2020.3.10f1\Editor\Unity.exe
-adb2
-batchMode
-noUpm
-name
AssetImportWorker0
-projectPath
D:/Runner
-logFile
Logs/AssetImportWorker0.log
-srvPort
63270
Successfully changed project path to: D:/Runner
D:/Runner
Using Asset Import Pipeline V2.
Refreshing native plugins compatible for Editor in 55.40 ms, found 2 plugins.
Preloading 0 native plugins for Editor in 0.00 ms.
Initialize engine version: 2020.3.10f1 (297d780c91bc)
[Subsystems] Discovering subsystems at path C:/Program Files/Unity/Hub/Editor/2020.3.10f1/Editor/Data/Resources/UnitySubsystems
[Subsystems] Discovering subsystems at path D:/Runner/Assets
GfxDevice: creating device client; threaded=0
Direct3D:
    Version:  Direct3D 11.0 [level 11.0]
    Renderer: NVIDIA GeForce GTX 750 (ID=0x1381)
    Vendor:   
    VRAM:     2007 MB
    Driver:   27.21.14.6109
Shader 'Universal Render Pipeline/Particles/Lit': fallback shader 'Universal Render Pipeline/Particles/SimpleLit' not found
Initialize mono
Mono path[0] = 'C:/Program Files/Unity/Hub/Editor/2020.3.10f1/Editor/Data/Managed'
Mono path[1] = 'C:/Program Files/Unity/Hub/Editor/2020.3.10f1/Editor/Data/MonoBleedingEdge/lib/mono/unityjit'
Mono config path = 'C:/Program Files/Unity/Hub/Editor/2020.3.10f1/Editor/Data/MonoBleedingEdge/etc'
Using monoOptions --debugger-agent=transport=dt_socket,embedding=1,server=y,suspend=n,address=127.0.0.1:56144
Begin MonoManager ReloadAssembly
Registering precompiled unity dll's ...
Register platform support module: C:/Program Files/Unity/Hub/Editor/2020.3.10f1/Editor/Data/PlaybackEngines/WebGLSupport/UnityEditor.WebGL.Extensions.dll
Register platform support module: C:/Program Files/Unity/Hub/Editor/2020.3.10f1/Editor/Data/PlaybackEngines/WindowsStandaloneSupport/UnityEditor.WindowsStandalone.Extensions.dll
Registered in 0.003116 seconds.
Native extension for WindowsStandalone target not found
Native extension for WebGL target not found
Refreshing native plugins compatible for Editor in 56.98 ms, found 2 plugins.
Preloading 0 native plugins for Editor in 0.00 ms.
Mono: successfully reloaded assembly
- Completed reload, in  2.353 seconds
Platform modules already initialized, skipping
Registering precompiled user dll's ...
Registered in 0.004019 seconds.
Begin MonoManager ReloadAssembly
Native extension for WindowsStandalone target not found
Native extension for WebGL target not found
Refreshing native plugins compatible for Editor in 54.79 ms, found 2 plugins.
Preloading 0 native plugins for Editor in 0.00 ms.
Mono: successfully reloaded assembly
- Completed reload, in  1.293 seconds
Platform modules already initialized, skipping
========================================================================
Worker process is ready to serve import requests
Shader 'Universal Render Pipeline/Particles/Lit': fallback shader 'Universal Render Pipeline/Particles/SimpleLit' not found
Launched and connected shader compiler UnityShaderCompiler.exe after 0.05 seconds
Refreshing native plugins compatible for Editor in 0.60 ms, found 2 plugins.
Preloading 0 native plugins for Editor in 0.00 ms.
Unloading 2642 Unused Serialized files (Serialized files now loaded: 0)
System memory in use before: 117.5 MB.
System memory in use after: 117.7 MB.

Unloading 19 unused Assets to reduce memory usage. Loaded Objects now: 3076.
Total: 3.023300 ms (FindLiveObjects: 0.378700 ms CreateObjectMapping: 0.231100 ms MarkObjects: 2.302300 ms  DeleteObjects: 0.110200 ms)

========================================================================
Received Import Request.
  path: Assets/Scripts/CameraTraffic.cs
  artifactKey: Guid(d83f9a92643fb8541bd7ec44c9bec78f) Importer(815301076,1909f56bfc062723c751e8b465ee728b)
Start importing Assets/Scripts/CameraTraffic.cs using Guid(d83f9a92643fb8541bd7ec44c9bec78f) Importer(815301076,1909f56bfc062723c751e8b465ee728b)  -> (artifact id: 'a2afbbf3b56cbac4db0db9bb95e54170') in 0.034507 seconds
  Import took 0.039473 seconds .

========================================================================
Received Prepare
Registering precompiled user dll's ...
Registered in 0.003981 seconds.
Begin MonoManager ReloadAssembly
Native extension for WindowsStandalone target not found
Native extension for WebGL target not found
Refreshing native plugins compatible for Editor in 0.64 ms, found 2 plugins.
Preloading 0 native plugins for Editor in 0.00 ms.
Mono: successfully reloaded assembly
- Completed reload, in  1.262 seconds
Platform modules already initialized, skipping
Shader 'Universal Render Pipeline/Particles/Lit': fallback shader 'Universal Render Pipeline/Particles/SimpleLit' not found
Refreshing native plugins compatible for Editor in 0.60 ms, found 2 plugins.
Preloading 0 native plugins for Editor in 0.00 ms.
Unloading 2581 Unused Serialized files (Serialized files now loaded: 0)
System memory in use before: 112.1 MB.
System memory in use after: 112.3 MB.

Unloading 14 unused Assets to reduce memory usage. Loaded Objects now: 3079.
Total: 3.143200 ms (FindLiveObjects: 0.321600 ms CreateObjectMapping: 0.325700 ms MarkObjects: 2.452400 ms  DeleteObjects: 0.042500 ms)

========================================================================
Received Prepare
Registering precompiled user dll's ...
Registered in 0.003956 seconds.
Begin MonoManager ReloadAssembly
Native extension for WindowsStandalone target not found
Native extension for WebGL target not found
Refreshing native plugins compatible for Editor in 0.63 ms, found 2 plugins.
Preloading 0 native plugins for Editor in 0.00 ms.
Mono: successfully reloaded assembly
- Completed reload, in  1.145 seconds
Platform modules already initialized, skipping
Shader 'Universal Render Pipeline/Particles/Lit': fallback shader 'Universal Render Pipeline/Particles/SimpleLit' not found
Refreshing native plugins compatible for Editor in 0.61 ms, found 2 plugins.
Preloading 0 native plugins for Editor in 0.00 ms.
Unloading 2581 Unused Serialized files (Serialized files now loaded: 0)
System memory in use before: 112.1 MB.
System memory in use after: 112.3 MB.

Unloading 14 unused Assets to reduce memory usage. Loaded Objects now: 3082.
Total: 3.449000 ms (FindLiveObjects: 0.308100 ms CreateObjectMapping: 0.228200 ms MarkObjects: 2.878000 ms  DeleteObjects: 0.033500 ms)

========================================================================
Received Import Request.
  Time since last request: 517.069131 seconds.
  path: Assets/Scripts/CameraTraffic.cs
  artifactKey: Guid(d83f9a92643fb8541bd7ec44c9bec78f) Importer(815301076,1909f56bfc062723c751e8b465ee728b)
Start importing Assets/Scripts/CameraTraffic.cs using Guid(d83f9a92643fb8541bd7ec44c9bec78f) Importer(815301076,1909f56bfc062723c751e8b465ee728b)  -> (artifact id: '39a5a7309cfe92a3870ea7583585ae16') in 0.006084 seconds
  Import took 0.011074 seconds .

========================================================================
Received Prepare
Registering precompiled user dll's ...
Registered in 0.004463 seconds.
Begin MonoManager ReloadAssembly
Native extension for WindowsStandalone target not found
Native extension for WebGL target not found
Refreshing native plugins compatible for Editor in 0.56 ms, found 2 plugins.
Preloading 0 native plugins for Editor in 0.00 ms.
Mono: successfully reloaded assembly
- Completed reload, in  1.160 seconds
Platform modules already initialized, skipping
Shader 'Universal Render Pipeline/Particles/Lit': fallback shader 'Universal Render Pipeline/Particles/SimpleLit' not found
Refreshing native plugins compatible for Editor in 0.71 ms, found 2 plugins.
Preloading 0 native plugins for Editor in 0.00 ms.
Unloading 2581 Unused Serialized files (Serialized files now loaded: 0)
System memory in use before: 112.2 MB.
System memory in use after: 112.4 MB.

Unloading 14 unused Assets to reduce memory usage. Loaded Objects now: 3085.
Total: 3.205000 ms (FindLiveObjects: 0.319400 ms CreateObjectMapping: 0.289000 ms MarkObjects: 2.542900 ms  DeleteObjects: 0.052600 ms)

========================================================================
Received Prepare
Registering precompiled user dll's ...
Registered in 0.003901 seconds.
Begin MonoManager ReloadAssembly
Native extension for WindowsStandalone target not found
Native extension for WebGL target not found
Refreshing native plugins compatible for Editor in 0.62 ms, found 2 plugins.
Preloading 0 native plugins for Editor in 0.00 ms.
Mono: successfully reloaded assembly
- Completed reload, in  1.326 seconds
Platform modules already initialized, skipping
Shader 'Universal Render Pipeline/Particles/Lit': fallback shader 'Universal Render Pipeline/Particles/SimpleLit' not found
Refreshing native plugins compatible for Editor in 0.61 ms, found 2 plugins.
Preloading 0 native plugins for Editor in 0.00 ms.
Unloading 2582 Unused Serialized files (Serialized files now loaded: 0)
System memory in use before: 112.2 MB.
System memory in use after: 112.4 MB.

Unloading 14 unused Assets to reduce memory usage. Loaded Objects now: 3089.
Total: 2.964000 ms (FindLiveObjects: 0.318600 ms CreateObjectMapping: 0.239200 ms MarkObjects: 2.383000 ms  DeleteObjects: 0.022400 ms)

========================================================================
Received Import Request.
  Time since last request: 94.727696 seconds.
  path: Assets/Scripts/Camera.cs
  artifactKey: Guid(51b9e6fc1097dea40bf5da9845d5c2fb) Importer(815301076,1909f56bfc062723c751e8b465ee728b)
Start importing Assets/Scripts/Camera.cs using Guid(51b9e6fc1097dea40bf5da9845d5c2fb) Importer(815301076,1909f56bfc062723c751e8b465ee728b)  -> (artifact id: '72f515c6cb9edb7e94d1ed4a12777724') in 0.012292 seconds
  Import took 0.017194 seconds .

========================================================================
Received Import Request.
  Time since last request: 23.745006 seconds.
  path: Assets/Scripts/cameraTracking.cs
  artifactKey: Guid(51b9e6fc1097dea40bf5da9845d5c2fb) Importer(815301076,1909f56bfc062723c751e8b465ee728b)
Start importing Assets/Scripts/cameraTracking.cs using Guid(51b9e6fc1097dea40bf5da9845d5c2fb) Importer(815301076,1909f56bfc062723c751e8b465ee728b)  -> (artifact id: '8c6034a6f6302173e8e94fe7c7ce3af5') in 0.011605 seconds
  Import took 0.019752 seconds .

========================================================================
Received Import Request.
  Time since last request: 0.001885 seconds.
  path: Assets/Scripts/cameraTracking.cs
  artifactKey: Guid(51b9e6fc1097dea40bf5da9845d5c2fb) Importer(815301076,1909f56bfc062723c751e8b465ee728b)
Start importing Assets/Scripts/cameraTracking.cs using Guid(51b9e6fc1097dea40bf5da9845d5c2fb) Importer(815301076,1909f56bfc062723c751e8b465ee728b)  -> (artifact id: '8c6034a6f6302173e8e94fe7c7ce3af5') in 0.001945 seconds
  Import took 0.007519 seconds .

========================================================================
Received Prepare
Registering precompiled user dll's ...
Registered in 0.003927 seconds.
Begin MonoManager ReloadAssembly
Native extension for WindowsStandalone target not found
Native extension for WebGL target not found
Refreshing native plugins compatible for Editor in 0.64 ms, found 2 plugins.
Preloading 0 native plugins for Editor in 0.00 ms.
Mono: successfully reloaded assembly
- Completed reload, in  1.146 seconds
Platform modules already initialized, skipping
Shader 'Universal Render Pipeline/Particles/Lit': fallback shader 'Universal Render Pipeline/Particles/SimpleLit' not found
Refreshing native plugins compatible for Editor in 0.61 ms, found 2 plugins.
Preloading 0 native plugins for Editor in 0.00 ms.
Unloading 2582 Unused Serialized files (Serialized files now loaded: 0)
System memory in use before: 112.2 MB.
System memory in use after: 112.4 MB.

Unloading 14 unused Assets to reduce memory usage. Loaded Objects now: 3092.
Total: 3.469500 ms (FindLiveObjects: 0.398200 ms CreateObjectMapping: 0.332500 ms MarkObjects: 2.682000 ms  DeleteObjects: 0.055800 ms)

========================================================================
Received Import Request.
  Time since last request: 93.821622 seconds.
  path: Assets/Scripts/CameraTracking.cs
  artifactKey: Guid(51b9e6fc1097dea40bf5da9845d5c2fb) Importer(815301076,1909f56bfc062723c751e8b465ee728b)
Start importing Assets/Scripts/CameraTracking.cs using Guid(51b9e6fc1097dea40bf5da9845d5c2fb) Importer(815301076,1909f56bfc062723c751e8b465ee728b)  -> (artifact id: '1562ff929495046d206122fa3e3be752') in 0.014656 seconds
  Import took 0.020139 seconds .

========================================================================
Received Prepare
Registering precompiled user dll's ...
Registered in 0.004042 seconds.
Begin MonoManager ReloadAssembly
Native extension for WindowsStandalone target not found
Native extension for WebGL target not found
Refreshing native plugins compatible for Editor in 0.55 ms, found 2 plugins.
Preloading 0 native plugins for Editor in 0.00 ms.
Mono: successfully reloaded assembly
- Completed reload, in  1.194 seconds
Platform modules already initialized, skipping
Shader 'Universal Render Pipeline/Particles/Lit': fallback shader 'Universal Render Pipeline/Particles/SimpleLit' not found
Refreshing native plugins compatible for Editor in 0.59 ms, found 2 plugins.
Preloading 0 native plugins for Editor in 0.00 ms.
Unloading 2582 Unused Serialized files (Serialized files now loaded: 0)
System memory in use before: 112.2 MB.
System memory in use after: 112.4 MB.

Unloading 14 unused Assets to reduce memory usage. Loaded Objects now: 3095.
Total: 3.369400 ms (FindLiveObjects: 0.380400 ms CreateObjectMapping: 0.239600 ms MarkObjects: 2.688800 ms  DeleteObjects: 0.059600 ms)

========================================================================
Received Prepare
Registering precompiled user dll's ...
Registered in 0.004131 seconds.
Begin MonoManager ReloadAssembly
Native extension for WindowsStandalone target not found
Native extension for WebGL target not found
Refreshing native plugins compatible for Editor in 0.56 ms, found 2 plugins.
Preloading 0 native plugins for Editor in 0.00 ms.
Mono: successfully reloaded assembly
- Completed reload, in  1.233 seconds
Platform modules already initialized, skipping
Shader 'Universal Render Pipeline/Particles/Lit': fallback shader 'Universal Render Pipeline/Particles/SimpleLit' not found
Refreshing native plugins compatible for Editor in 0.68 ms, found 2 plugins.
Preloading 0 native plugins for Editor in 0.00 ms.
Unloading 2582 Unused Serialized files (Serialized files now loaded: 0)
System memory in use before: 112.2 MB.
System memory in use after: 112.4 MB.

Unloading 14 unused Assets to reduce memory usage. Loaded Objects now: 3098.
Total: 3.171700 ms (FindLiveObjects: 0.365000 ms CreateObjectMapping: 0.247700 ms MarkObjects: 2.533100 ms  DeleteObjects: 0.024900 ms)

========================================================================
Received Import Request.
  Time since last request: 27.798570 seconds.
  path: Assets/Scripts/cameraTracking.cs
  artifactKey: Guid(51b9e6fc1097dea40bf5da9845d5c2fb) Importer(815301076,1909f56bfc062723c751e8b465ee728b)
Start importing Assets/Scripts/cameraTracking.cs using Guid(51b9e6fc1097dea40bf5da9845d5c2fb) Importer(815301076,1909f56bfc062723c751e8b465ee728b)  -> (artifact id: '3e284d166242cbdc514bee609a4bf00f') in 0.008161 seconds
  Import took 0.014399 seconds .

========================================================================
Received Import Request.
  Time since last request: 24.377518 seconds.
  path: Assets/Scripts/CameraTracking.cs
  artifactKey: Guid(51b9e6fc1097dea40bf5da9845d5c2fb) Importer(815301076,1909f56bfc062723c751e8b465ee728b)
Start importing Assets/Scripts/CameraTracking.cs using Guid(51b9e6fc1097dea40bf5da9845d5c2fb) Importer(815301076,1909f56bfc062723c751e8b465ee728b)  -> (artifact id: '2ad0e3e3080ad478a4c9504290ac119b') in 0.004097 seconds
  Import took 0.008978 seconds .

========================================================================
Received Import Request.
  Time since last request: 0.001363 seconds.
  path: Assets/Scripts/CameraTracking.cs
  artifactKey: Guid(51b9e6fc1097dea40bf5da9845d5c2fb) Importer(815301076,1909f56bfc062723c751e8b465ee728b)
Start importing Assets/Scripts/CameraTracking.cs using Guid(51b9e6fc1097dea40bf5da9845d5c2fb) Importer(815301076,1909f56bfc062723c751e8b465ee728b)  -> (artifact id: '2ad0e3e3080ad478a4c9504290ac119b') in 0.004528 seconds
  Import took 0.010392 seconds .

========================================================================
Received Prepare
Registering precompiled user dll's ...
Registered in 0.004299 seconds.
Begin MonoManager ReloadAssembly
Native extension for WindowsStandalone target not found
Native extension for WebGL target not found
Refreshing native plugins compatible for Editor in 0.58 ms, found 2 plugins.
Preloading 0 native plugins for Editor in 0.00 ms.
Mono: successfully reloaded assembly
- Completed reload, in  1.208 seconds
Platform modules already initialized, skipping
Shader 'Universal Render Pipeline/Particles/Lit': fallback shader 'Universal Render Pipeline/Particles/SimpleLit' not found
Refreshing native plugins compatible for Editor in 0.61 ms, found 2 plugins.
Preloading 0 native plugins for Editor in 0.00 ms.
Unloading 2582 Unused Serialized files (Serialized files now loaded: 0)
System memory in use before: 112.2 MB.
System memory in use after: 112.4 MB.

Unloading 14 unused Assets to reduce memory usage. Loaded Objects now: 3101.
Total: 3.191800 ms (FindLiveObjects: 0.308300 ms CreateObjectMapping: 0.231800 ms MarkObjects: 2.596800 ms  DeleteObjects: 0.054000 ms)

========================================================================
Received Prepare
Registering precompiled user dll's ...
Registered in 0.004090 seconds.
Begin MonoManager ReloadAssembly
Native extension for WindowsStandalone target not found
Native extension for WebGL target not found
Refreshing native plugins compatible for Editor in 0.83 ms, found 2 plugins.
Preloading 0 native plugins for Editor in 0.00 ms.
Mono: successfully reloaded assembly
- Completed reload, in  1.273 seconds
Platform modules already initialized, skipping
Shader 'Universal Render Pipeline/Particles/Lit': fallback shader 'Universal Render Pipeline/Particles/SimpleLit' not found
Refreshing native plugins compatible for Editor in 0.62 ms, found 2 plugins.
Preloading 0 native plugins for Editor in 0.00 ms.
Unloading 2582 Unused Serialized files (Serialized files now loaded: 0)
System memory in use before: 112.2 MB.
System memory in use after: 112.4 MB.

Unloading 14 unused Assets to reduce memory usage. Loaded Objects now: 3104.
Total: 3.043100 ms (FindLiveObjects: 0.326900 ms CreateObjectMapping: 0.237900 ms MarkObjects: 2.445000 ms  DeleteObjects: 0.032300 ms)

========================================================================
Received Import Request.
  Time since last request: 187.797622 seconds.
  path: Assets/Scripts/cameraTracking.cs
  artifactKey: Guid(51b9e6fc1097dea40bf5da9845d5c2fb) Importer(815301076,1909f56bfc062723c751e8b465ee728b)
Start importing Assets/Scripts/cameraTracking.cs using Guid(51b9e6fc1097dea40bf5da9845d5c2fb) Importer(815301076,1909f56bfc062723c751e8b465ee728b)  -> (artifact id: '95407cf553f5f5ac7c76941aa1974a6b') in 0.010266 seconds
  Import took 0.015445 seconds .

========================================================================
Received Prepare
Registering precompiled user dll's ...
Registered in 0.004041 seconds.
Begin MonoManager ReloadAssembly
Native extension for WindowsStandalone target not found
Native extension for WebGL target not found
Refreshing native plugins compatible for Editor in 0.71 ms, found 2 plugins.
Preloading 0 native plugins for Editor in 0.00 ms.
Mono: successfully reloaded assembly
- Completed reload, in  1.185 seconds
Platform modules already initialized, skipping
Shader 'Universal Render Pipeline/Particles/Lit': fallback shader 'Universal Render Pipeline/Particles/SimpleLit' not found
Refreshing native plugins compatible for Editor in 0.60 ms, found 2 plugins.
Preloading 0 native plugins for Editor in 0.00 ms.
Unloading 2581 Unused Serialized files (Serialized files now loaded: 0)
System memory in use before: 112.2 MB.
System memory in use after: 112.4 MB.

Unloading 15 unused Assets to reduce memory usage. Loaded Objects now: 3106.
Total: 3.490600 ms (FindLiveObjects: 0.320200 ms CreateObjectMapping: 0.236400 ms MarkObjects: 2.894300 ms  DeleteObjects: 0.038300 ms)

========================================================================
Received Prepare
Registering precompiled user dll's ...
Registered in 0.004044 seconds.
Begin MonoManager ReloadAssembly
Native extension for WindowsStandalone target not found
Native extension for WebGL target not found
Refreshing native plugins compatible for Editor in 0.61 ms, found 2 plugins.
Preloading 0 native plugins for Editor in 0.00 ms.
Mono: successfully reloaded assembly
- Completed reload, in  1.209 seconds
Platform modules already initialized, skipping
Shader 'Universal Render Pipeline/Particles/Lit': fallback shader 'Universal Render Pipeline/Particles/SimpleLit' not found
Refreshing native plugins compatible for Editor in 0.58 ms, found 2 plugins.
Preloading 0 native plugins for Editor in 0.00 ms.
Unloading 2581 Unused Serialized files (Serialized files now loaded: 0)
System memory in use before: 112.2 MB.
System memory in use after: 112.4 MB.

Unloading 14 unused Assets to reduce memory usage. Loaded Objects now: 3109.
Total: 2.974700 ms (FindLiveObjects: 0.440100 ms CreateObjectMapping: 0.228600 ms MarkObjects: 2.252300 ms  DeleteObjects: 0.052700 ms)

========================================================================
Received Import Request.
  Time since last request: 1019.809971 seconds.
  path: Assets/Scripts/cameraTracking.cs
  artifactKey: Guid(51b9e6fc1097dea40bf5da9845d5c2fb) Importer(815301076,1909f56bfc062723c751e8b465ee728b)
Start importing Assets/Scripts/cameraTracking.cs using Guid(51b9e6fc1097dea40bf5da9845d5c2fb) Importer(815301076,1909f56bfc062723c751e8b465ee728b)  -> (artifact id: '086bd3c78669a39c516878e19eef9e03') in 0.009500 seconds
  Import took 0.014186 seconds .

========================================================================
Received Prepare
Registering precompiled user dll's ...
Registered in 0.005706 seconds.
Begin MonoManager ReloadAssembly
Native extension for WindowsStandalone target not found
Native extension for WebGL target not found
Refreshing native plugins compatible for Editor in 0.56 ms, found 2 plugins.
Preloading 0 native plugins for Editor in 0.00 ms.
Mono: successfully reloaded assembly
- Completed reload, in  1.162 seconds
Platform modules already initialized, skipping
Shader 'Universal Render Pipeline/Particles/Lit': fallback shader 'Universal Render Pipeline/Particles/SimpleLit' not found
Refreshing native plugins compatible for Editor in 0.61 ms, found 2 plugins.
Preloading 0 native plugins for Editor in 0.00 ms.
Unloading 2581 Unused Serialized files (Serialized files now loaded: 0)
System memory in use before: 112.2 MB.
System memory in use after: 112.4 MB.

Unloading 14 unused Assets to reduce memory usage. Loaded Objects now: 3112.
Total: 2.833500 ms (FindLiveObjects: 0.325500 ms CreateObjectMapping: 0.123000 ms MarkObjects: 2.331200 ms  DeleteObjects: 0.053000 ms)

========================================================================
Received Import Request.
  Time since last request: 48.624560 seconds.
  path: Assets/Scripts/cameraTracking.cs
  artifactKey: Guid(51b9e6fc1097dea40bf5da9845d5c2fb) Importer(815301076,1909f56bfc062723c751e8b465ee728b)
Start importing Assets/Scripts/cameraTracking.cs using Guid(51b9e6fc1097dea40bf5da9845d5c2fb) Importer(815301076,1909f56bfc062723c751e8b465ee728b)  -> (artifact id: '82f72de6cfd6038b78041ee47dd2791e') in 0.009427 seconds
  Import took 0.013973 seconds .

========================================================================
Received Prepare
Registering precompiled user dll's ...
Registered in 0.004078 seconds.
Begin MonoManager ReloadAssembly
Native extension for WindowsStandalone target not found
Native extension for WebGL target not found
Refreshing native plugins compatible for Editor in 0.60 ms, found 2 plugins.
Preloading 0 native plugins for Editor in 0.00 ms.
Mono: successfully reloaded assembly
- Completed reload, in  1.211 seconds
Platform modules already initialized, skipping
Shader 'Universal Render Pipeline/Particles/Lit': fallback shader 'Universal Render Pipeline/Particles/SimpleLit' not found
Refreshing native plugins compatible for Editor in 0.59 ms, found 2 plugins.
Preloading 0 native plugins for Editor in 0.00 ms.
Unloading 2581 Unused Serialized files (Serialized files now loaded: 0)
System memory in use before: 112.2 MB.
System memory in use after: 112.4 MB.

Unloading 14 unused Assets to reduce memory usage. Loaded Objects now: 3115.
Total: 3.108800 ms (FindLiveObjects: 0.300400 ms CreateObjectMapping: 0.301500 ms MarkObjects: 2.464000 ms  DeleteObjects: 0.042100 ms)

========================================================================
Received Prepare
Registering precompiled user dll's ...
Registered in 0.004196 seconds.
Begin MonoManager ReloadAssembly
Native extension for WindowsStandalone target not found
Native extension for WebGL target not found
Refreshing native plugins compatible for Editor in 0.71 ms, found 2 plugins.
Preloading 0 native plugins for Editor in 0.00 ms.
Mono: successfully reloaded assembly
- Completed reload, in  1.177 seconds
Platform modules already initialized, skipping
Shader 'Universal Render Pipeline/Particles/Lit': fallback shader 'Universal Render Pipeline/Particles/SimpleLit' not found
Refreshing native plugins compatible for Editor in 0.60 ms, found 2 plugins.
Preloading 0 native plugins for Editor in 0.00 ms.
Unloading 2581 Unused Serialized files (Serialized files now loaded: 0)
System memory in use before: 112.2 MB.
System memory in use after: 112.4 MB.

Unloading 14 unused Assets to reduce memory usage. Loaded Objects now: 3118.
Total: 2.862600 ms (FindLiveObjects: 0.287900 ms CreateObjectMapping: 0.264200 ms MarkObjects: 2.255000 ms  DeleteObjects: 0.054700 ms)

========================================================================
Received Import Request.
  Time since last request: 138.254035 seconds.
  path: Assets/Scripts/PlayerTraffic.cs
  artifactKey: Guid(c15d996556c8afb49a2332326f19c83e) Importer(815301076,1909f56bfc062723c751e8b465ee728b)
Start importing Assets/Scripts/PlayerTraffic.cs using Guid(c15d996556c8afb49a2332326f19c83e) Importer(815301076,1909f56bfc062723c751e8b465ee728b)  -> (artifact id: '0e04070d933c2a99318095e46f7de0ea') in 0.014808 seconds
  Import took 0.019570 seconds .

========================================================================
Received Import Request.
  Time since last request: 0.691526 seconds.
  path: Assets/Scripts/cameraTracking.cs
  artifactKey: Guid(51b9e6fc1097dea40bf5da9845d5c2fb) Importer(815301076,1909f56bfc062723c751e8b465ee728b)
Start importing Assets/Scripts/cameraTracking.cs using Guid(51b9e6fc1097dea40bf5da9845d5c2fb) Importer(815301076,1909f56bfc062723c751e8b465ee728b)  -> (artifact id: '96245f5994abab7cbd693ec779f4ad47') in 0.005050 seconds
  Import took 0.009638 seconds .

========================================================================
Received Import Request.
  Time since last request: 0.000431 seconds.
  path: Assets/Scripts/cameraTracking.cs
  artifactKey: Guid(51b9e6fc1097dea40bf5da9845d5c2fb) Importer(815301076,1909f56bfc062723c751e8b465ee728b)
Start importing Assets/Scripts/cameraTracking.cs using Guid(51b9e6fc1097dea40bf5da9845d5c2fb) Importer(815301076,1909f56bfc062723c751e8b465ee728b)  -> (artifact id: '96245f5994abab7cbd693ec779f4ad47') in 0.004753 seconds
  Import took 0.015474 seconds .

========================================================================
Received Prepare
Registering precompiled user dll's ...
Registered in 0.124481 seconds.
Begin MonoManager ReloadAssembly
Native extension for WindowsStandalone target not found
Native extension for WebGL target not found
Refreshing native plugins compatible for Editor in 0.62 ms, found 2 plugins.
Preloading 0 native plugins for Editor in 0.00 ms.
Mono: successfully reloaded assembly
- Completed reload, in  1.686 seconds
Platform modules already initialized, skipping
Shader 'Universal Render Pipeline/Particles/Lit': fallback shader 'Universal Render Pipeline/Particles/SimpleLit' not found
Refreshing native plugins compatible for Editor in 0.55 ms, found 2 plugins.
Preloading 0 native plugins for Editor in 0.00 ms.
Unloading 2581 Unused Serialized files (Serialized files now loaded: 0)
System memory in use before: 112.2 MB.
System memory in use after: 112.5 MB.

Unloading 14 unused Assets to reduce memory usage. Loaded Objects now: 3121.
Total: 2.474400 ms (FindLiveObjects: 0.266800 ms CreateObjectMapping: 0.118200 ms MarkObjects: 2.038400 ms  DeleteObjects: 0.050100 ms)

========================================================================
Received Prepare
Registering precompiled user dll's ...
Registered in 0.046546 seconds.
Begin MonoManager ReloadAssembly
Native extension for WindowsStandalone target not found
Native extension for WebGL target not found
Refreshing native plugins compatible for Editor in 0.71 ms, found 2 plugins.
Preloading 0 native plugins for Editor in 0.00 ms.
Mono: successfully reloaded assembly
- Completed reload, in  1.739 seconds
Platform modules already initialized, skipping
Shader 'Universal Render Pipeline/Particles/Lit': fallback shader 'Universal Render Pipeline/Particles/SimpleLit' not found
Refreshing native plugins compatible for Editor in 0.66 ms, found 2 plugins.
Preloading 0 native plugins for Editor in 0.00 ms.
Unloading 2581 Unused Serialized files (Serialized files now loaded: 0)
System memory in use before: 112.2 MB.
System memory in use after: 112.5 MB.

Unloading 14 unused Assets to reduce memory usage. Loaded Objects now: 3124.
Total: 3.863800 ms (FindLiveObjects: 0.393000 ms CreateObjectMapping: 0.297600 ms MarkObjects: 3.075000 ms  DeleteObjects: 0.097000 ms)

========================================================================
Received Import Request.
  Time since last request: 2976.388996 seconds.
  path: Assets/Scripts/cameraTracking.cs
  artifactKey: Guid(51b9e6fc1097dea40bf5da9845d5c2fb) Importer(815301076,1909f56bfc062723c751e8b465ee728b)
Start importing Assets/Scripts/cameraTracking.cs using Guid(51b9e6fc1097dea40bf5da9845d5c2fb) Importer(815301076,1909f56bfc062723c751e8b465ee728b)  -> (artifact id: '33797fae54a3c3c1956b2c8d1e5b08fd') in 0.031512 seconds
  Import took 0.037842 seconds .

========================================================================
Received Prepare
Registering precompiled user dll's ...
Registered in 0.003849 seconds.
Begin MonoManager ReloadAssembly
Native extension for WindowsStandalone target not found
Native extension for WebGL target not found
Refreshing native plugins compatible for Editor in 0.76 ms, found 2 plugins.
Preloading 0 native plugins for Editor in 0.00 ms.
Mono: successfully reloaded assembly
- Completed reload, in  1.263 seconds
Platform modules already initialized, skipping
Shader 'Universal Render Pipeline/Particles/Lit': fallback shader 'Universal Render Pipeline/Particles/SimpleLit' not found
Refreshing native plugins compatible for Editor in 0.58 ms, found 2 plugins.
Preloading 0 native plugins for Editor in 0.00 ms.
Unloading 2581 Unused Serialized files (Serialized files now loaded: 0)
System memory in use before: 112.2 MB.
System memory in use after: 112.5 MB.

Unloading 14 unused Assets to reduce memory usage. Loaded Objects now: 3127.
Total: 2.617300 ms (FindLiveObjects: 0.280100 ms CreateObjectMapping: 0.119200 ms MarkObjects: 2.131400 ms  DeleteObjects: 0.085500 ms)

========================================================================
Received Import Request.
  Time since last request: 38.980957 seconds.
  path: Assets/Scripts/CameraTracking.cs
  artifactKey: Guid(51b9e6fc1097dea40bf5da9845d5c2fb) Importer(815301076,1909f56bfc062723c751e8b465ee728b)
Start importing Assets/Scripts/CameraTracking.cs using Guid(51b9e6fc1097dea40bf5da9845d5c2fb) Importer(815301076,1909f56bfc062723c751e8b465ee728b)  -> (artifact id: 'ee39d8a5db60259c1da878b8452686b3') in 0.009856 seconds
  Import took 0.014580 seconds .

========================================================================
Received Prepare
Registering precompiled user dll's ...
Registered in 0.004307 seconds.
Begin MonoManager ReloadAssembly
Native extension for WindowsStandalone target not found
Native extension for WebGL target not found
Refreshing native plugins compatible for Editor in 0.77 ms, found 2 plugins.
Preloading 0 native plugins for Editor in 0.00 ms.
Mono: successfully reloaded assembly
- Completed reload, in  1.255 seconds
Platform modules already initialized, skipping
Shader 'Universal Render Pipeline/Particles/Lit': fallback shader 'Universal Render Pipeline/Particles/SimpleLit' not found
Refreshing native plugins compatible for Editor in 0.59 ms, found 2 plugins.
Preloading 0 native plugins for Editor in 0.00 ms.
Unloading 2581 Unused Serialized files (Serialized files now loaded: 0)
System memory in use before: 112.2 MB.
System memory in use after: 112.5 MB.

Unloading 14 unused Assets to reduce memory usage. Loaded Objects now: 3130.
Total: 3.371400 ms (FindLiveObjects: 0.311600 ms CreateObjectMapping: 0.229900 ms MarkObjects: 2.809900 ms  DeleteObjects: 0.018900 ms)

========================================================================
Received Prepare
Registering precompiled user dll's ...
Registered in 0.003898 seconds.
Begin MonoManager ReloadAssembly
Native extension for WindowsStandalone target not found
Native extension for WebGL target not found
Refreshing native plugins compatible for Editor in 0.64 ms, found 2 plugins.
Preloading 0 native plugins for Editor in 0.00 ms.
Mono: successfully reloaded assembly
- Completed reload, in  1.293 seconds
Platform modules already initialized, skipping
Shader 'Universal Render Pipeline/Particles/Lit': fallback shader 'Universal Render Pipeline/Particles/SimpleLit' not found
Refreshing native plugins compatible for Editor in 0.72 ms, found 2 plugins.
Preloading 0 native plugins for Editor in 0.00 ms.
Unloading 2581 Unused Serialized files (Serialized files now loaded: 0)
System memory in use before: 112.2 MB.
System memory in use after: 112.5 MB.

Unloading 14 unused Assets to reduce memory usage. Loaded Objects now: 3133.
Total: 3.094100 ms (FindLiveObjects: 0.360400 ms CreateObjectMapping: 0.264100 ms MarkObjects: 2.448200 ms  DeleteObjects: 0.020100 ms)

========================================================================
Received Import Request.
  Time since last request: 15.257215 seconds.
  path: Assets/Scripts/cameraTracking.cs
  artifactKey: Guid(51b9e6fc1097dea40bf5da9845d5c2fb) Importer(815301076,1909f56bfc062723c751e8b465ee728b)
Start importing Assets/Scripts/cameraTracking.cs using Guid(51b9e6fc1097dea40bf5da9845d5c2fb) Importer(815301076,1909f56bfc062723c751e8b465ee728b)  -> (artifact id: '50d8c5bdf5f948fc6d55322b0067db42') in 0.006721 seconds
  Import took 0.011463 seconds .

========================================================================
Received Import Request.
  Time since last request: 7.778435 seconds.
  path: Assets/Scripts/CameraTracking.cs
  artifactKey: Guid(51b9e6fc1097dea40bf5da9845d5c2fb) Importer(815301076,1909f56bfc062723c751e8b465ee728b)
Start importing Assets/Scripts/CameraTracking.cs using Guid(51b9e6fc1097dea40bf5da9845d5c2fb) Importer(815301076,1909f56bfc062723c751e8b465ee728b)  -> (artifact id: '71f12df5ea0a71cf43be322da3f43a9f') in 0.009117 seconds
  Import took 0.016260 seconds .

========================================================================
Received Prepare
Registering precompiled user dll's ...
Registered in 0.003873 seconds.
Begin MonoManager ReloadAssembly
Native extension for WindowsStandalone target not found
Native extension for WebGL target not found
Refreshing native plugins compatible for Editor in 0.61 ms, found 2 plugins.
Preloading 0 native plugins for Editor in 0.00 ms.
Mono: successfully reloaded assembly
- Completed reload, in  1.209 seconds
Platform modules already initialized, skipping
Shader 'Universal Render Pipeline/Particles/Lit': fallback shader 'Universal Render Pipeline/Particles/SimpleLit' not found
Refreshing native plugins compatible for Editor in 0.58 ms, found 2 plugins.
Preloading 0 native plugins for Editor in 0.00 ms.
Unloading 2581 Unused Serialized files (Serialized files now loaded: 0)
System memory in use before: 112.3 MB.
System memory in use after: 112.5 MB.

Unloading 14 unused Assets to reduce memory usage. Loaded Objects now: 3136.
Total: 2.502600 ms (FindLiveObjects: 0.340700 ms CreateObjectMapping: 0.145900 ms MarkObjects: 1.965500 ms  DeleteObjects: 0.049800 ms)

========================================================================
Received Import Request.
  Time since last request: 4.718616 seconds.
  path: Assets/Scripts/PlayerTraffic.cs
  artifactKey: Guid(c15d996556c8afb49a2332326f19c83e) Importer(815301076,1909f56bfc062723c751e8b465ee728b)
Start importing Assets/Scripts/PlayerTraffic.cs using Guid(c15d996556c8afb49a2332326f19c83e) Importer(815301076,1909f56bfc062723c751e8b465ee728b)  -> (artifact id: 'dae5e281f1992698de78ef31eaaf8310') in 0.010063 seconds
  Import took 0.014699 seconds .

========================================================================
Received Import Request.
  Time since last request: 17.697482 seconds.
  path: Assets/Scripts/PlayerTrack.cs
  artifactKey: Guid(c15d996556c8afb49a2332326f19c83e) Importer(815301076,1909f56bfc062723c751e8b465ee728b)
Start importing Assets/Scripts/PlayerTrack.cs using Guid(c15d996556c8afb49a2332326f19c83e) Importer(815301076,1909f56bfc062723c751e8b465ee728b)  -> (artifact id: 'c035cef5641100227776fdd4e8128b77') in 0.022988 seconds
  Import took 0.028962 seconds .

========================================================================
Received Prepare
Registering precompiled user dll's ...
Registered in 0.005436 seconds.
Begin MonoManager ReloadAssembly
Native extension for WindowsStandalone target not found
Native extension for WebGL target not found
Refreshing native plugins compatible for Editor in 0.62 ms, found 2 plugins.
Preloading 0 native plugins for Editor in 0.00 ms.
Mono: successfully reloaded assembly
- Completed reload, in  1.258 seconds
Platform modules already initialized, skipping
Shader 'Universal Render Pipeline/Particles/Lit': fallback shader 'Universal Render Pipeline/Particles/SimpleLit' not found
Refreshing native plugins compatible for Editor in 0.60 ms, found 2 plugins.
Preloading 0 native plugins for Editor in 0.00 ms.
Unloading 2581 Unused Serialized files (Serialized files now loaded: 0)
System memory in use before: 112.3 MB.
System memory in use after: 112.5 MB.

Unloading 14 unused Assets to reduce memory usage. Loaded Objects now: 3139.
Total: 3.386300 ms (FindLiveObjects: 0.320900 ms CreateObjectMapping: 0.231600 ms MarkObjects: 2.806500 ms  DeleteObjects: 0.026100 ms)

========================================================================
Received Prepare
Registering precompiled user dll's ...
Registered in 0.004371 seconds.
Begin MonoManager ReloadAssembly
Native extension for WindowsStandalone target not found
Native extension for WebGL target not found
Refreshing native plugins compatible for Editor in 0.56 ms, found 2 plugins.
Preloading 0 native plugins for Editor in 0.00 ms.
Mono: successfully reloaded assembly
- Completed reload, in  1.189 seconds
Platform modules already initialized, skipping
Shader 'Universal Render Pipeline/Particles/Lit': fallback shader 'Universal Render Pipeline/Particles/SimpleLit' not found
Refreshing native plugins compatible for Editor in 0.61 ms, found 2 plugins.
Preloading 0 native plugins for Editor in 0.00 ms.
Unloading 2581 Unused Serialized files (Serialized files now loaded: 0)
System memory in use before: 112.3 MB.
System memory in use after: 112.5 MB.

Unloading 14 unused Assets to reduce memory usage. Loaded Objects now: 3142.
Total: 3.000600 ms (FindLiveObjects: 0.297600 ms CreateObjectMapping: 0.216700 ms MarkObjects: 2.432800 ms  DeleteObjects: 0.052500 ms)

========================================================================
Received Import Request.
  Time since last request: 27.866374 seconds.
  path: Assets/Scripts/PlayerTrack.cs
  artifactKey: Guid(c15d996556c8afb49a2332326f19c83e) Importer(815301076,1909f56bfc062723c751e8b465ee728b)
Start importing Assets/Scripts/PlayerTrack.cs using Guid(c15d996556c8afb49a2332326f19c83e) Importer(815301076,1909f56bfc062723c751e8b465ee728b)  -> (artifact id: '8ff541bb841a31bfe177920d4024c93f') in 0.006681 seconds
  Import took 0.012085 seconds .

========================================================================
Received Prepare
Registering precompiled user dll's ...
Registered in 0.004078 seconds.
Begin MonoManager ReloadAssembly
Native extension for WindowsStandalone target not found
Native extension for WebGL target not found
Refreshing native plugins compatible for Editor in 0.66 ms, found 2 plugins.
Preloading 0 native plugins for Editor in 0.00 ms.
Mono: successfully reloaded assembly
- Completed reload, in  1.402 seconds
Platform modules already initialized, skipping
Shader 'Universal Render Pipeline/Particles/Lit': fallback shader 'Universal Render Pipeline/Particles/SimpleLit' not found
Refreshing native plugins compatible for Editor in 0.59 ms, found 2 plugins.
Preloading 0 native plugins for Editor in 0.00 ms.
Unloading 2581 Unused Serialized files (Serialized files now loaded: 0)
System memory in use before: 112.3 MB.
System memory in use after: 112.5 MB.

Unloading 14 unused Assets to reduce memory usage. Loaded Objects now: 3145.
Total: 3.226200 ms (FindLiveObjects: 0.377500 ms CreateObjectMapping: 0.222300 ms MarkObjects: 2.570600 ms  DeleteObjects: 0.054800 ms)

AssetImportWorkerClient::OnTransportError - code=2 error=End of file
